2024-11-18 12:30:05 INFO     --------
2024-11-18 12:30:05 INFO     Starting Regression Test
2024-11-18 12:30:05 INFO     acc: 0.8428887602846239
2024-11-18 12:30:05 INFO     
predictions: [ 8.30611841  6.92006687 -0.92912575 11.3047096   9.00926916 -0.63836258
  5.63140416 10.97526419 15.37640755 15.1710904   7.01840309 15.60797604
 12.18126512 12.90147939 13.97313329  3.51047456 11.24857064 12.90147939
  8.22791034 14.01772211  9.26549439 14.88383356 14.07341046  3.80519465
  7.63788958 11.95715988 13.98014593 12.70768368 15.03674337  9.4374176
  6.9362381  14.22677089  5.39099488 11.86143768 19.31974016 15.24579215
 12.33417494 -1.1757507   9.01932004  6.86824011]
2024-11-18 12:30:38 INFO     --------
2024-11-18 12:30:38 INFO     Starting Regression Test
2024-11-18 12:30:38 INFO     acc: 0.9027477152001646
2024-11-18 12:30:38 INFO     
predictions: [ 3.2692507   8.06196881 13.96158315  9.24342528 13.37571591 13.78615362
 11.93113385 15.09638865 15.98106288 14.07341046  5.63140416  4.67202818
 12.85410634 11.10237328  8.16247129 15.26458024  3.53722268 15.63027045
 14.88383356 -1.06275069 18.23211111  8.31187478  7.46661358 11.34835103
  8.99473818  9.34415306 14.22677089 14.6372086  10.21396742  8.34369459
  8.49287278  5.94579311  9.43368597 14.82418827 12.76382264  6.15229165
  9.57176462 12.63629165 15.7049722  12.14018263]
